<?xml version="1.0" encoding="UTF-8"?>
<testsuite xmlns:xsi="http://www.w3.org/2001/XMLSchema-instance" xsi:noNamespaceSchemaLocation="https://maven.apache.org/surefire/maven-surefire-plugin/xsd/surefire-test-report-3.0.xsd" version="3.0" name="Weather details by Lat Lon" time="2.394" tests="4" errors="0" skipped="0" failures="4">
  <properties>
[...]
</properties>
  <testcase name="Verify Get Weather by lat lon smoke test" classname="Weather details by Lat Lon" time="1.415">
    <failure message="1 expectation failed.&#10;Expected header &quot;Content-Type&quot; was not &quot;application/xml; charset=utf-8&quot;, was &quot;application/json; charset=utf-8&quot;. Headers are:&#10;Server=openresty&#10;Date=Sat, 27 Nov 2021 07:30:39 GMT&#10;Content-Type=application/json; charset=utf-8&#10;Content-Length=469&#10;Connection=keep-alive&#10;X-Cache-Key=/data/2.5/weather?lat=51.51&amp;lon=-0.13&#10;Access-Control-Allow-Origin=*&#10;Access-Control-Allow-Credentials=true&#10;Access-Control-Allow-Methods=GET, POST&#10;" type="java.lang.AssertionError"><![CDATA[java.lang.AssertionError: 
1 expectation failed.
Expected header "Content-Type" was not "application/xml; charset=utf-8", was "application/json; charset=utf-8". Headers are:
Server=openresty
Date=Sat, 27 Nov 2021 07:30:39 GMT
Content-Type=application/json; charset=utf-8
Content-Length=469
Connection=keep-alive
X-Cache-Key=/data/2.5/weather?lat=51.51&lon=-0.13
Access-Control-Allow-Origin=*
Access-Control-Allow-Credentials=true
Access-Control-Allow-Methods=GET, POST

]]></failure>
    <system-out><![CDATA[Nov 27, 2021 1:00:39 PM tech.grasshopper.pdf.PDFCucumberReport collectReportConfiguration
INFO: PDF report configuration YAML file not found. Using default settings.

-------------------------------------------------------------------
Starting Execution of scenario - Verify Get Weather by lat lon smoke test
Ending Execution of scenario - Verify Get Weather by lat lon smoke test
-------------------------------------------------------------------
]]></system-out>
  </testcase>
  <testcase name="Get Weather by Lat Lon #1" classname="Weather details by Lat Lon" time="0.331">
    <failure message="1 expectation failed.&#10;Expected header &quot;Content-Type&quot; was not &quot;application/xml; charset=utf-8&quot;, was &quot;application/json; charset=utf-8&quot;. Headers are:&#10;Server=openresty&#10;Date=Sat, 27 Nov 2021 07:30:39 GMT&#10;Content-Type=application/json; charset=utf-8&#10;Content-Length=469&#10;Connection=keep-alive&#10;X-Cache-Key=/data/2.5/weather?lat=51.51&amp;lon=-0.13&#10;Access-Control-Allow-Origin=*&#10;Access-Control-Allow-Credentials=true&#10;Access-Control-Allow-Methods=GET, POST&#10;" type="java.lang.AssertionError"><![CDATA[java.lang.AssertionError: 
1 expectation failed.
Expected header "Content-Type" was not "application/xml; charset=utf-8", was "application/json; charset=utf-8". Headers are:
Server=openresty
Date=Sat, 27 Nov 2021 07:30:39 GMT
Content-Type=application/json; charset=utf-8
Content-Length=469
Connection=keep-alive
X-Cache-Key=/data/2.5/weather?lat=51.51&lon=-0.13
Access-Control-Allow-Origin=*
Access-Control-Allow-Credentials=true
Access-Control-Allow-Methods=GET, POST

]]></failure>
    <system-out><![CDATA[-------------------------------------------------------------------
Starting Execution of scenario - Get Weather by Lat Lon
Ending Execution of scenario - Get Weather by Lat Lon
-------------------------------------------------------------------
]]></system-out>
  </testcase>
  <testcase name="Get Weather by Lat Lon #2" classname="Weather details by Lat Lon" time="0.325">
    <failure message="1 expectation failed.&#10;Expected header &quot;Content-Type&quot; was not &quot;application/xml; charset=utf-8&quot;, was &quot;application/json; charset=utf-8&quot;. Headers are:&#10;Server=openresty&#10;Date=Sat, 27 Nov 2021 07:30:40 GMT&#10;Content-Type=application/json; charset=utf-8&#10;Content-Length=498&#10;Connection=keep-alive&#10;X-Cache-Key=/data/2.5/weather?lat=51.46&amp;lon=-2.6&#10;Access-Control-Allow-Origin=*&#10;Access-Control-Allow-Credentials=true&#10;Access-Control-Allow-Methods=GET, POST&#10;" type="java.lang.AssertionError"><![CDATA[java.lang.AssertionError: 
1 expectation failed.
Expected header "Content-Type" was not "application/xml; charset=utf-8", was "application/json; charset=utf-8". Headers are:
Server=openresty
Date=Sat, 27 Nov 2021 07:30:40 GMT
Content-Type=application/json; charset=utf-8
Content-Length=498
Connection=keep-alive
X-Cache-Key=/data/2.5/weather?lat=51.46&lon=-2.6
Access-Control-Allow-Origin=*
Access-Control-Allow-Credentials=true
Access-Control-Allow-Methods=GET, POST

]]></failure>
    <system-out><![CDATA[-------------------------------------------------------------------
Starting Execution of scenario - Get Weather by Lat Lon
Ending Execution of scenario - Get Weather by Lat Lon
-------------------------------------------------------------------
]]></system-out>
  </testcase>
  <testcase name="Get Weather by lat lon with invalid api_key" classname="Weather details by Lat Lon" time="0.318">
    <failure message="1 expectation failed.&#10;Expected header &quot;Content-Type&quot; was not &quot;application/xml; charset=utf-8&quot;, was &quot;application/json; charset=utf-8&quot;. Headers are:&#10;Server=openresty&#10;Date=Sat, 27 Nov 2021 07:30:40 GMT&#10;Content-Type=application/json; charset=utf-8&#10;Content-Length=107&#10;Connection=keep-alive&#10;X-Cache-Key=/data/2.5/weather?lat=51.51&amp;lon=-0.13&#10;Access-Control-Allow-Origin=*&#10;Access-Control-Allow-Credentials=true&#10;Access-Control-Allow-Methods=GET, POST&#10;" type="java.lang.AssertionError"><![CDATA[java.lang.AssertionError: 
1 expectation failed.
Expected header "Content-Type" was not "application/xml; charset=utf-8", was "application/json; charset=utf-8". Headers are:
Server=openresty
Date=Sat, 27 Nov 2021 07:30:40 GMT
Content-Type=application/json; charset=utf-8
Content-Length=107
Connection=keep-alive
X-Cache-Key=/data/2.5/weather?lat=51.51&lon=-0.13
Access-Control-Allow-Origin=*
Access-Control-Allow-Credentials=true
Access-Control-Allow-Methods=GET, POST

]]></failure>
    <system-out><![CDATA[-------------------------------------------------------------------
Starting Execution of scenario - Get Weather by lat lon with invalid api_key
Ending Execution of scenario - Get Weather by lat lon with invalid api_key
-------------------------------------------------------------------
]]></system-out>
  </testcase>
</testsuite>